Analysis & Synthesis report for top
Tue Oct 31 03:17:40 2023
Quartus Prime Version 22.1std.2 Build 922 07/20/2023 SC Lite Edition


---------------------
; Table of Contents ;
---------------------
  1. Legal Notice
  2. Analysis & Synthesis Summary
  3. Analysis & Synthesis Settings
  4. Parallel Compilation
  5. Analysis & Synthesis Source Files Read
  6. Analysis & Synthesis Resource Usage Summary
  7. Analysis & Synthesis Resource Utilization by Entity
  8. Registers Removed During Synthesis
  9. Removed Registers Triggering Further Register Optimizations
 10. General Register Statistics
 11. Multiplexer Restructuring Statistics (Restructuring Performed)
 12. Parameter Settings for User Entity Instance: arm:arm|controller:c|condlogic:cl|flopenr:flagreg1
 13. Parameter Settings for User Entity Instance: arm:arm|controller:c|condlogic:cl|flopenr:flagreg0
 14. Parameter Settings for User Entity Instance: arm:arm|datapath:dp|mux2:pcmux
 15. Parameter Settings for User Entity Instance: arm:arm|datapath:dp|flopr:pcreg
 16. Parameter Settings for User Entity Instance: arm:arm|datapath:dp|adder:pcadd1
 17. Parameter Settings for User Entity Instance: arm:arm|datapath:dp|adder:pcadd2
 18. Parameter Settings for User Entity Instance: arm:arm|datapath:dp|mux2:ra1mux
 19. Parameter Settings for User Entity Instance: arm:arm|datapath:dp|mux2:ra2mux
 20. Parameter Settings for User Entity Instance: arm:arm|datapath:dp|mux2:resmux
 21. Parameter Settings for User Entity Instance: arm:arm|datapath:dp|mux2:srcbmux
 22. Parameter Settings for User Entity Instance: arm:arm|datapath:dp|alu:alu
 23. Port Connectivity Checks: "arm:arm|datapath:dp|mux2:ra1mux"
 24. Port Connectivity Checks: "arm:arm|datapath:dp|adder:pcadd2"
 25. Port Connectivity Checks: "arm:arm|datapath:dp|adder:pcadd1"
 26. Post-Synthesis Netlist Statistics for Top Partition
 27. Elapsed Time Per Partition
 28. Analysis & Synthesis Messages
 29. Analysis & Synthesis Suppressed Messages



----------------
; Legal Notice ;
----------------
Copyright (C) 2023  Intel Corporation. All rights reserved.
Your use of Intel Corporation's design tools, logic functions 
and other software and tools, and any partner logic 
functions, and any output files from any of the foregoing 
(including device programming or simulation files), and any 
associated documentation or information are expressly subject 
to the terms and conditions of the Intel Program License 
Subscription Agreement, the Intel Quartus Prime License Agreement,
the Intel FPGA IP License Agreement, or other applicable license
agreement, including, without limitation, that your use is for
the sole purpose of programming logic devices manufactured by
Intel and sold by Intel or its authorized distributors.  Please
refer to the applicable agreement for further details, at
https://fpgasoftware.intel.com/eula.



+-------------------------------------------------------------------------------------+
; Analysis & Synthesis Summary                                                        ;
+------------------------------------+------------------------------------------------+
; Analysis & Synthesis Status        ; Successful - Tue Oct 31 03:17:40 2023          ;
; Quartus Prime Version              ; 22.1std.2 Build 922 07/20/2023 SC Lite Edition ;
; Revision Name                      ; top                                            ;
; Top-level Entity Name              ; top                                            ;
; Family                             ; MAX 10                                         ;
; Total logic elements               ; 1,399                                          ;
;     Total combinational functions  ; 951                                            ;
;     Dedicated logic registers      ; 510                                            ;
; Total registers                    ; 510                                            ;
; Total pins                         ; 87                                             ;
; Total virtual pins                 ; 0                                              ;
; Total memory bits                  ; 0                                              ;
; Embedded Multiplier 9-bit elements ; 0                                              ;
; Total PLLs                         ; 0                                              ;
; UFM blocks                         ; 0                                              ;
; ADC blocks                         ; 0                                              ;
+------------------------------------+------------------------------------------------+


+------------------------------------------------------------------------------------------------------------+
; Analysis & Synthesis Settings                                                                              ;
+------------------------------------------------------------------+--------------------+--------------------+
; Option                                                           ; Setting            ; Default Value      ;
+------------------------------------------------------------------+--------------------+--------------------+
; Device                                                           ; 10M50DAF484C6GES   ;                    ;
; Top-level entity name                                            ; top                ; top                ;
; Family name                                                      ; MAX 10             ; Cyclone V          ;
; Use smart compilation                                            ; Off                ; Off                ;
; Enable parallel Assembler and Timing Analyzer during compilation ; On                 ; On                 ;
; Enable compact report table                                      ; Off                ; Off                ;
; Restructure Multiplexers                                         ; Auto               ; Auto               ;
; Create Debugging Nodes for IP Cores                              ; Off                ; Off                ;
; Preserve fewer node names                                        ; On                 ; On                 ;
; Intel FPGA IP Evaluation Mode                                    ; Enable             ; Enable             ;
; Verilog Version                                                  ; Verilog_2001       ; Verilog_2001       ;
; VHDL Version                                                     ; VHDL_1993          ; VHDL_1993          ;
; State Machine Processing                                         ; Auto               ; Auto               ;
; Safe State Machine                                               ; Off                ; Off                ;
; Extract Verilog State Machines                                   ; On                 ; On                 ;
; Extract VHDL State Machines                                      ; On                 ; On                 ;
; Ignore Verilog initial constructs                                ; Off                ; Off                ;
; Iteration limit for constant Verilog loops                       ; 5000               ; 5000               ;
; Iteration limit for non-constant Verilog loops                   ; 250                ; 250                ;
; Add Pass-Through Logic to Inferred RAMs                          ; On                 ; On                 ;
; Infer RAMs from Raw Logic                                        ; On                 ; On                 ;
; Parallel Synthesis                                               ; On                 ; On                 ;
; DSP Block Balancing                                              ; Auto               ; Auto               ;
; NOT Gate Push-Back                                               ; On                 ; On                 ;
; Power-Up Don't Care                                              ; On                 ; On                 ;
; Remove Redundant Logic Cells                                     ; Off                ; Off                ;
; Remove Duplicate Registers                                       ; On                 ; On                 ;
; Ignore CARRY Buffers                                             ; Off                ; Off                ;
; Ignore CASCADE Buffers                                           ; Off                ; Off                ;
; Ignore GLOBAL Buffers                                            ; Off                ; Off                ;
; Ignore ROW GLOBAL Buffers                                        ; Off                ; Off                ;
; Ignore LCELL Buffers                                             ; Off                ; Off                ;
; Ignore SOFT Buffers                                              ; On                 ; On                 ;
; Limit AHDL Integers to 32 Bits                                   ; Off                ; Off                ;
; Optimization Technique                                           ; Balanced           ; Balanced           ;
; Carry Chain Length                                               ; 70                 ; 70                 ;
; Auto Carry Chains                                                ; On                 ; On                 ;
; Auto Open-Drain Pins                                             ; On                 ; On                 ;
; Perform WYSIWYG Primitive Resynthesis                            ; Off                ; Off                ;
; Auto ROM Replacement                                             ; On                 ; On                 ;
; Auto RAM Replacement                                             ; On                 ; On                 ;
; Auto DSP Block Replacement                                       ; On                 ; On                 ;
; Auto Shift Register Replacement                                  ; Auto               ; Auto               ;
; Allow Shift Register Merging across Hierarchies                  ; Auto               ; Auto               ;
; Auto Clock Enable Replacement                                    ; On                 ; On                 ;
; Strict RAM Replacement                                           ; Off                ; Off                ;
; Allow Synchronous Control Signals                                ; On                 ; On                 ;
; Force Use of Synchronous Clear Signals                           ; Off                ; Off                ;
; Auto RAM Block Balancing                                         ; On                 ; On                 ;
; Auto RAM to Logic Cell Conversion                                ; Off                ; Off                ;
; Auto Resource Sharing                                            ; Off                ; Off                ;
; Allow Any RAM Size For Recognition                               ; Off                ; Off                ;
; Allow Any ROM Size For Recognition                               ; Off                ; Off                ;
; Allow Any Shift Register Size For Recognition                    ; Off                ; Off                ;
; Use LogicLock Constraints during Resource Balancing              ; On                 ; On                 ;
; Ignore translate_off and synthesis_off directives                ; Off                ; Off                ;
; Timing-Driven Synthesis                                          ; On                 ; On                 ;
; Report Parameter Settings                                        ; On                 ; On                 ;
; Report Source Assignments                                        ; On                 ; On                 ;
; Report Connectivity Checks                                       ; On                 ; On                 ;
; Ignore Maximum Fan-Out Assignments                               ; Off                ; Off                ;
; Synchronization Register Chain Length                            ; 2                  ; 2                  ;
; Power Optimization During Synthesis                              ; Normal compilation ; Normal compilation ;
; HDL message level                                                ; Level2             ; Level2             ;
; Suppress Register Optimization Related Messages                  ; Off                ; Off                ;
; Number of Removed Registers Reported in Synthesis Report         ; 5000               ; 5000               ;
; Number of Swept Nodes Reported in Synthesis Report               ; 5000               ; 5000               ;
; Number of Inverted Registers Reported in Synthesis Report        ; 100                ; 100                ;
; Clock MUX Protection                                             ; On                 ; On                 ;
; Auto Gated Clock Conversion                                      ; Off                ; Off                ;
; Block Design Naming                                              ; Auto               ; Auto               ;
; SDC constraint protection                                        ; Off                ; Off                ;
; Synthesis Effort                                                 ; Auto               ; Auto               ;
; Shift Register Replacement - Allow Asynchronous Clear Signal     ; On                 ; On                 ;
; Pre-Mapping Resynthesis Optimization                             ; Off                ; Off                ;
; Analysis & Synthesis Message Level                               ; Medium             ; Medium             ;
; Disable Register Merging Across Hierarchies                      ; Auto               ; Auto               ;
; Resource Aware Inference For Block RAM                           ; On                 ; On                 ;
+------------------------------------------------------------------+--------------------+--------------------+


+------------------------------------------+
; Parallel Compilation                     ;
+----------------------------+-------------+
; Processors                 ; Number      ;
+----------------------------+-------------+
; Number detected on machine ; 8           ;
; Maximum allowed            ; 4           ;
;                            ;             ;
; Average used               ; 1.00        ;
; Maximum used               ; 4           ;
;                            ;             ;
; Usage by Processor         ; % Time Used ;
;     Processor 1            ; 100.0%      ;
;     Processor 2            ;   0.0%      ;
;     Processor 3            ;   0.0%      ;
;     Processor 4            ;   0.0%      ;
+----------------------------+-------------+


+------------------------------------------------------------------------------------------------------------------------------------------------------------------------------------------------+
; Analysis & Synthesis Source Files Read                                                                                                                                                         ;
+----------------------------------+-----------------+------------------------------+--------------------------------------------------------------------------------------------------+---------+
; File Name with User-Entered Path ; Used in Netlist ; File Type                    ; File Name with Absolute Path                                                                     ; Library ;
+----------------------------------+-----------------+------------------------------+--------------------------------------------------------------------------------------------------+---------+
; top.sv                           ; yes             ; User SystemVerilog HDL File  ; D:/Escritorio/Universidad/Electronica Digital/26-10-23/ARM-SingleCycle/top.sv                    ;         ;
; imem.sv                          ; yes             ; User SystemVerilog HDL File  ; D:/Escritorio/Universidad/Electronica Digital/26-10-23/ARM-SingleCycle/imem.sv                   ;         ;
; dmem.sv                          ; yes             ; User SystemVerilog HDL File  ; D:/Escritorio/Universidad/Electronica Digital/26-10-23/ARM-SingleCycle/dmem.sv                   ;         ;
; arm.sv                           ; yes             ; User SystemVerilog HDL File  ; D:/Escritorio/Universidad/Electronica Digital/26-10-23/ARM-SingleCycle/arm.sv                    ;         ;
; controller.sv                    ; yes             ; User SystemVerilog HDL File  ; D:/Escritorio/Universidad/Electronica Digital/26-10-23/ARM-SingleCycle/controller.sv             ;         ;
; decoder.sv                       ; yes             ; User SystemVerilog HDL File  ; D:/Escritorio/Universidad/Electronica Digital/26-10-23/ARM-SingleCycle/decoder.sv                ;         ;
; condlogic.sv                     ; yes             ; User SystemVerilog HDL File  ; D:/Escritorio/Universidad/Electronica Digital/26-10-23/ARM-SingleCycle/condlogic.sv              ;         ;
; datapath.sv                      ; yes             ; User SystemVerilog HDL File  ; D:/Escritorio/Universidad/Electronica Digital/26-10-23/ARM-SingleCycle/datapath.sv               ;         ;
; regfile.sv                       ; yes             ; User SystemVerilog HDL File  ; D:/Escritorio/Universidad/Electronica Digital/26-10-23/ARM-SingleCycle/regfile.sv                ;         ;
; alu.sv                           ; yes             ; User SystemVerilog HDL File  ; D:/Escritorio/Universidad/Electronica Digital/26-10-23/ARM-SingleCycle/alu.sv                    ;         ;
; extend.sv                        ; yes             ; User SystemVerilog HDL File  ; D:/Escritorio/Universidad/Electronica Digital/26-10-23/ARM-SingleCycle/extend.sv                 ;         ;
; adder.sv                         ; yes             ; User SystemVerilog HDL File  ; D:/Escritorio/Universidad/Electronica Digital/26-10-23/ARM-SingleCycle/adder.sv                  ;         ;
; mux2.sv                          ; yes             ; User SystemVerilog HDL File  ; D:/Escritorio/Universidad/Electronica Digital/26-10-23/ARM-SingleCycle/mux2.sv                   ;         ;
; flopr.sv                         ; yes             ; User SystemVerilog HDL File  ; D:/Escritorio/Universidad/Electronica Digital/26-10-23/ARM-SingleCycle/flopr.sv                  ;         ;
; flopenr.sv                       ; yes             ; User SystemVerilog HDL File  ; D:/Escritorio/Universidad/Electronica Digital/26-10-23/ARM-SingleCycle/flopenr.sv                ;         ;
; pre_alu.sv                       ; yes             ; User SystemVerilog HDL File  ; D:/Escritorio/Universidad/Electronica Digital/26-10-23/ARM-SingleCycle/pre_alu.sv                ;         ;
; dmem_made_by_students.dat        ; yes             ; Auto-Found Unspecified File  ; D:/Escritorio/Universidad/Electronica Digital/26-10-23/ARM-SingleCycle/dmem_made_by_students.dat ;         ;
; imem_made_by_students.dat        ; yes             ; Auto-Found Unspecified File  ; D:/Escritorio/Universidad/Electronica Digital/26-10-23/ARM-SingleCycle/imem_made_by_students.dat ;         ;
+----------------------------------+-----------------+------------------------------+--------------------------------------------------------------------------------------------------+---------+


+---------------------------------------------------------+
; Analysis & Synthesis Resource Usage Summary             ;
+---------------------------------------------+-----------+
; Resource                                    ; Usage     ;
+---------------------------------------------+-----------+
; Estimated Total logic elements              ; 1,399     ;
;                                             ;           ;
; Total combinational functions               ; 951       ;
; Logic element usage by number of LUT inputs ;           ;
;     -- 4 input functions                    ; 698       ;
;     -- 3 input functions                    ; 186       ;
;     -- <=2 input functions                  ; 67        ;
;                                             ;           ;
; Logic elements by mode                      ;           ;
;     -- normal mode                          ; 862       ;
;     -- arithmetic mode                      ; 89        ;
;                                             ;           ;
; Total registers                             ; 510       ;
;     -- Dedicated logic registers            ; 510       ;
;     -- I/O registers                        ; 0         ;
;                                             ;           ;
; I/O pins                                    ; 87        ;
;                                             ;           ;
; Embedded Multiplier 9-bit elements          ; 0         ;
;                                             ;           ;
; Maximum fan-out node                        ; clk~input ;
; Maximum fan-out                             ; 510       ;
; Total fan-out                               ; 5163      ;
; Average fan-out                             ; 3.16      ;
+---------------------------------------------+-----------+


+------------------------------------------------------------------------------------------------------------------------------------------------------------------------------------------------------------------------------------------------------+
; Analysis & Synthesis Resource Utilization by Entity                                                                                                                                                                                                  ;
+----------------------------+---------------------+---------------------------+-------------+------------+--------------+---------+-----------+------+--------------+------------+---------------------------------------+-------------+--------------+
; Compilation Hierarchy Node ; Combinational ALUTs ; Dedicated Logic Registers ; Memory Bits ; UFM Blocks ; DSP Elements ; DSP 9x9 ; DSP 18x18 ; Pins ; Virtual Pins ; ADC blocks ; Full Hierarchy Name                   ; Entity Name ; Library Name ;
+----------------------------+---------------------+---------------------------+-------------+------------+--------------+---------+-----------+------+--------------+------------+---------------------------------------+-------------+--------------+
; |top                       ; 951 (0)             ; 510 (0)                   ; 0           ; 0          ; 0            ; 0       ; 0         ; 87   ; 0            ; 0          ; |top                                  ; top         ; work         ;
;    |arm:arm|               ; 927 (0)             ; 510 (0)                   ; 0           ; 0          ; 0            ; 0       ; 0         ; 0    ; 0            ; 0          ; |top|arm:arm                          ; arm         ; work         ;
;       |datapath:dp|        ; 927 (0)             ; 510 (0)                   ; 0           ; 0          ; 0            ; 0       ; 0         ; 0    ; 0            ; 0          ; |top|arm:arm|datapath:dp              ; datapath    ; work         ;
;          |adder:pcadd1|    ; 30 (30)             ; 0 (0)                     ; 0           ; 0          ; 0            ; 0       ; 0         ; 0    ; 0            ; 0          ; |top|arm:arm|datapath:dp|adder:pcadd1 ; adder       ; work         ;
;          |adder:pcadd2|    ; 29 (29)             ; 0 (0)                     ; 0           ; 0          ; 0            ; 0       ; 0         ; 0    ; 0            ; 0          ; |top|arm:arm|datapath:dp|adder:pcadd2 ; adder       ; work         ;
;          |alu:alu|         ; 144 (144)           ; 0 (0)                     ; 0           ; 0          ; 0            ; 0       ; 0         ; 0    ; 0            ; 0          ; |top|arm:arm|datapath:dp|alu:alu      ; alu         ; work         ;
;          |flopr:pcreg|     ; 0 (0)               ; 30 (30)                   ; 0           ; 0          ; 0            ; 0       ; 0         ; 0    ; 0            ; 0          ; |top|arm:arm|datapath:dp|flopr:pcreg  ; flopr       ; work         ;
;          |mux2:srcbmux|    ; 22 (22)             ; 0 (0)                     ; 0           ; 0          ; 0            ; 0       ; 0         ; 0    ; 0            ; 0          ; |top|arm:arm|datapath:dp|mux2:srcbmux ; mux2        ; work         ;
;          |pre_alu:pre|     ; 263 (263)           ; 0 (0)                     ; 0           ; 0          ; 0            ; 0       ; 0         ; 0    ; 0            ; 0          ; |top|arm:arm|datapath:dp|pre_alu:pre  ; pre_alu     ; work         ;
;          |regfile:rf|      ; 439 (439)           ; 480 (480)                 ; 0           ; 0          ; 0            ; 0       ; 0         ; 0    ; 0            ; 0          ; |top|arm:arm|datapath:dp|regfile:rf   ; regfile     ; work         ;
;    |imem:imem|             ; 24 (24)             ; 0 (0)                     ; 0           ; 0          ; 0            ; 0       ; 0         ; 0    ; 0            ; 0          ; |top|imem:imem                        ; imem        ; work         ;
+----------------------------+---------------------+---------------------------+-------------+------------+--------------+---------+-----------+------+--------------+------------+---------------------------------------+-------------+--------------+
Note: For table entries with two numbers listed, the numbers in parentheses indicate the number of resources of the given type used by the specific entity alone. The numbers listed outside of parentheses indicate the total resources of the given type used by the specific entity and all of its sub-entities in the hierarchy.


+---------------------------------------------------------------------------------------------------------+
; Registers Removed During Synthesis                                                                      ;
+-----------------------------------------------------------+---------------------------------------------+
; Register name                                             ; Reason for Removal                          ;
+-----------------------------------------------------------+---------------------------------------------+
; dmem:dmem|leds[0..9]                                      ; Stuck at GND due to stuck port clock_enable ;
; arm:arm|controller:c|condlogic:cl|flopenr:flagreg1|q[1]   ; Stuck at GND due to stuck port clock_enable ;
; arm:arm|controller:c|condlogic:cl|flopenr:flagreg0|q[0,1] ; Stuck at GND due to stuck port clock_enable ;
; arm:arm|controller:c|condlogic:cl|flopenr:flagreg1|q[0]   ; Stuck at GND due to stuck port clock_enable ;
; arm:arm|datapath:dp|flopr:pcreg|q[0,1]                    ; Stuck at GND due to stuck port clock_enable ;
; Total Number of Removed Registers = 16                    ;                                             ;
+-----------------------------------------------------------+---------------------------------------------+


+-----------------------------------------------------------------------------------------------------------------------------------------------------------------------+
; Removed Registers Triggering Further Register Optimizations                                                                                                           ;
+---------------------------------------------------------+--------------------------------+----------------------------------------------------------------------------+
; Register name                                           ; Reason for Removal             ; Registers Removed due to This Register                                     ;
+---------------------------------------------------------+--------------------------------+----------------------------------------------------------------------------+
; arm:arm|controller:c|condlogic:cl|flopenr:flagreg0|q[0] ; Stuck at GND                   ; arm:arm|datapath:dp|flopr:pcreg|q[0], arm:arm|datapath:dp|flopr:pcreg|q[1] ;
;                                                         ; due to stuck port clock_enable ;                                                                            ;
+---------------------------------------------------------+--------------------------------+----------------------------------------------------------------------------+


+------------------------------------------------------+
; General Register Statistics                          ;
+----------------------------------------------+-------+
; Statistic                                    ; Value ;
+----------------------------------------------+-------+
; Total registers                              ; 510   ;
; Number of registers using Synchronous Clear  ; 0     ;
; Number of registers using Synchronous Load   ; 0     ;
; Number of registers using Asynchronous Clear ; 30    ;
; Number of registers using Asynchronous Load  ; 0     ;
; Number of registers using Clock Enable       ; 480   ;
; Number of registers using Preset             ; 0     ;
+----------------------------------------------+-------+


+---------------------------------------------------------------------------------------------------------------------------------------------------------------+
; Multiplexer Restructuring Statistics (Restructuring Performed)                                                                                                ;
+--------------------+-----------+---------------+----------------------+------------------------+------------+-------------------------------------------------+
; Multiplexer Inputs ; Bus Width ; Baseline Area ; Area if Restructured ; Saving if Restructured ; Registered ; Example Multiplexer Output                      ;
+--------------------+-----------+---------------+----------------------+------------------------+------------+-------------------------------------------------+
; 3:1                ; 8 bits    ; 16 LEs        ; 8 LEs                ; 8 LEs                  ; No         ; |top|arm:arm|datapath:dp|pre_alu:pre|ShiftLeft1 ;
; 4:1                ; 12 bits   ; 24 LEs        ; 24 LEs               ; 0 LEs                  ; No         ; |top|arm:arm|datapath:dp|pre_alu:pre|Result[18] ;
; 4:1                ; 4 bits    ; 8 LEs         ; 8 LEs                ; 0 LEs                  ; No         ; |top|arm:arm|datapath:dp|pre_alu:pre|ShiftLeft1 ;
; 5:1                ; 2 bits    ; 6 LEs         ; 6 LEs                ; 0 LEs                  ; No         ; |top|arm:arm|datapath:dp|pre_alu:pre|Result[29] ;
; 5:1                ; 12 bits   ; 36 LEs        ; 36 LEs               ; 0 LEs                  ; No         ; |top|arm:arm|datapath:dp|pre_alu:pre|Result[8]  ;
; 5:1                ; 4 bits    ; 12 LEs        ; 12 LEs               ; 0 LEs                  ; No         ; |top|arm:arm|datapath:dp|pre_alu:pre|ShiftLeft1 ;
; 6:1                ; 32 bits   ; 128 LEs       ; 64 LEs               ; 64 LEs                 ; No         ; |top|arm:arm|datapath:dp|alu:alu|Mux14          ;
; 6:1                ; 2 bits    ; 8 LEs         ; 6 LEs                ; 2 LEs                  ; No         ; |top|arm:arm|datapath:dp|pre_alu:pre|Result[2]  ;
; 6:1                ; 2 bits    ; 8 LEs         ; 6 LEs                ; 2 LEs                  ; No         ; |top|arm:arm|datapath:dp|pre_alu:pre|Result[30] ;
; 7:1                ; 2 bits    ; 8 LEs         ; 6 LEs                ; 2 LEs                  ; No         ; |top|arm:arm|datapath:dp|pre_alu:pre|Result[0]  ;
+--------------------+-----------+---------------+----------------------+------------------------+------------+-------------------------------------------------+


+-------------------------------------------------------------------------------------------------+
; Parameter Settings for User Entity Instance: arm:arm|controller:c|condlogic:cl|flopenr:flagreg1 ;
+----------------+-------+------------------------------------------------------------------------+
; Parameter Name ; Value ; Type                                                                   ;
+----------------+-------+------------------------------------------------------------------------+
; WIDTH          ; 2     ; Signed Integer                                                         ;
+----------------+-------+------------------------------------------------------------------------+
Note: In order to hide this table in the UI and the text report file, please set the "Show Parameter Settings in Synthesis Report" option in "Analysis and Synthesis Settings -> More Settings" to "Off".


+-------------------------------------------------------------------------------------------------+
; Parameter Settings for User Entity Instance: arm:arm|controller:c|condlogic:cl|flopenr:flagreg0 ;
+----------------+-------+------------------------------------------------------------------------+
; Parameter Name ; Value ; Type                                                                   ;
+----------------+-------+------------------------------------------------------------------------+
; WIDTH          ; 2     ; Signed Integer                                                         ;
+----------------+-------+------------------------------------------------------------------------+
Note: In order to hide this table in the UI and the text report file, please set the "Show Parameter Settings in Synthesis Report" option in "Analysis and Synthesis Settings -> More Settings" to "Off".


+-----------------------------------------------------------------------------+
; Parameter Settings for User Entity Instance: arm:arm|datapath:dp|mux2:pcmux ;
+----------------+-------+----------------------------------------------------+
; Parameter Name ; Value ; Type                                               ;
+----------------+-------+----------------------------------------------------+
; WIDTH          ; 32    ; Signed Integer                                     ;
+----------------+-------+----------------------------------------------------+
Note: In order to hide this table in the UI and the text report file, please set the "Show Parameter Settings in Synthesis Report" option in "Analysis and Synthesis Settings -> More Settings" to "Off".


+------------------------------------------------------------------------------+
; Parameter Settings for User Entity Instance: arm:arm|datapath:dp|flopr:pcreg ;
+----------------+-------+-----------------------------------------------------+
; Parameter Name ; Value ; Type                                                ;
+----------------+-------+-----------------------------------------------------+
; WIDTH          ; 32    ; Signed Integer                                      ;
+----------------+-------+-----------------------------------------------------+
Note: In order to hide this table in the UI and the text report file, please set the "Show Parameter Settings in Synthesis Report" option in "Analysis and Synthesis Settings -> More Settings" to "Off".


+-------------------------------------------------------------------------------+
; Parameter Settings for User Entity Instance: arm:arm|datapath:dp|adder:pcadd1 ;
+----------------+-------+------------------------------------------------------+
; Parameter Name ; Value ; Type                                                 ;
+----------------+-------+------------------------------------------------------+
; WIDTH          ; 32    ; Signed Integer                                       ;
+----------------+-------+------------------------------------------------------+
Note: In order to hide this table in the UI and the text report file, please set the "Show Parameter Settings in Synthesis Report" option in "Analysis and Synthesis Settings -> More Settings" to "Off".


+-------------------------------------------------------------------------------+
; Parameter Settings for User Entity Instance: arm:arm|datapath:dp|adder:pcadd2 ;
+----------------+-------+------------------------------------------------------+
; Parameter Name ; Value ; Type                                                 ;
+----------------+-------+------------------------------------------------------+
; WIDTH          ; 32    ; Signed Integer                                       ;
+----------------+-------+------------------------------------------------------+
Note: In order to hide this table in the UI and the text report file, please set the "Show Parameter Settings in Synthesis Report" option in "Analysis and Synthesis Settings -> More Settings" to "Off".


+------------------------------------------------------------------------------+
; Parameter Settings for User Entity Instance: arm:arm|datapath:dp|mux2:ra1mux ;
+----------------+-------+-----------------------------------------------------+
; Parameter Name ; Value ; Type                                                ;
+----------------+-------+-----------------------------------------------------+
; WIDTH          ; 4     ; Signed Integer                                      ;
+----------------+-------+-----------------------------------------------------+
Note: In order to hide this table in the UI and the text report file, please set the "Show Parameter Settings in Synthesis Report" option in "Analysis and Synthesis Settings -> More Settings" to "Off".


+------------------------------------------------------------------------------+
; Parameter Settings for User Entity Instance: arm:arm|datapath:dp|mux2:ra2mux ;
+----------------+-------+-----------------------------------------------------+
; Parameter Name ; Value ; Type                                                ;
+----------------+-------+-----------------------------------------------------+
; WIDTH          ; 4     ; Signed Integer                                      ;
+----------------+-------+-----------------------------------------------------+
Note: In order to hide this table in the UI and the text report file, please set the "Show Parameter Settings in Synthesis Report" option in "Analysis and Synthesis Settings -> More Settings" to "Off".


+------------------------------------------------------------------------------+
; Parameter Settings for User Entity Instance: arm:arm|datapath:dp|mux2:resmux ;
+----------------+-------+-----------------------------------------------------+
; Parameter Name ; Value ; Type                                                ;
+----------------+-------+-----------------------------------------------------+
; WIDTH          ; 32    ; Signed Integer                                      ;
+----------------+-------+-----------------------------------------------------+
Note: In order to hide this table in the UI and the text report file, please set the "Show Parameter Settings in Synthesis Report" option in "Analysis and Synthesis Settings -> More Settings" to "Off".


+-------------------------------------------------------------------------------+
; Parameter Settings for User Entity Instance: arm:arm|datapath:dp|mux2:srcbmux ;
+----------------+-------+------------------------------------------------------+
; Parameter Name ; Value ; Type                                                 ;
+----------------+-------+------------------------------------------------------+
; WIDTH          ; 32    ; Signed Integer                                       ;
+----------------+-------+------------------------------------------------------+
Note: In order to hide this table in the UI and the text report file, please set the "Show Parameter Settings in Synthesis Report" option in "Analysis and Synthesis Settings -> More Settings" to "Off".


+--------------------------------------------------------------------------+
; Parameter Settings for User Entity Instance: arm:arm|datapath:dp|alu:alu ;
+----------------+-------+-------------------------------------------------+
; Parameter Name ; Value ; Type                                            ;
+----------------+-------+-------------------------------------------------+
; N              ; 32    ; Signed Integer                                  ;
+----------------+-------+-------------------------------------------------+
Note: In order to hide this table in the UI and the text report file, please set the "Show Parameter Settings in Synthesis Report" option in "Analysis and Synthesis Settings -> More Settings" to "Off".


+-------------------------------------------------------------+
; Port Connectivity Checks: "arm:arm|datapath:dp|mux2:ra1mux" ;
+------+-------+----------+-----------------------------------+
; Port ; Type  ; Severity ; Details                           ;
+------+-------+----------+-----------------------------------+
; d1   ; Input ; Info     ; Stuck at VCC                      ;
+------+-------+----------+-----------------------------------+


+--------------------------------------------------------------+
; Port Connectivity Checks: "arm:arm|datapath:dp|adder:pcadd2" ;
+----------+-------+----------+--------------------------------+
; Port     ; Type  ; Severity ; Details                        ;
+----------+-------+----------+--------------------------------+
; b[31..3] ; Input ; Info     ; Stuck at GND                   ;
; b[1..0]  ; Input ; Info     ; Stuck at GND                   ;
; b[2]     ; Input ; Info     ; Stuck at VCC                   ;
+----------+-------+----------+--------------------------------+


+--------------------------------------------------------------+
; Port Connectivity Checks: "arm:arm|datapath:dp|adder:pcadd1" ;
+----------+-------+----------+--------------------------------+
; Port     ; Type  ; Severity ; Details                        ;
+----------+-------+----------+--------------------------------+
; b[31..3] ; Input ; Info     ; Stuck at GND                   ;
; b[1..0]  ; Input ; Info     ; Stuck at GND                   ;
; b[2]     ; Input ; Info     ; Stuck at VCC                   ;
+----------+-------+----------+--------------------------------+


+-----------------------------------------------------+
; Post-Synthesis Netlist Statistics for Top Partition ;
+-----------------------+-----------------------------+
; Type                  ; Count                       ;
+-----------------------+-----------------------------+
; boundary_port         ; 87                          ;
; cycloneiii_ff         ; 510                         ;
;     CLR               ; 30                          ;
;     ENA               ; 480                         ;
; cycloneiii_lcell_comb ; 953                         ;
;     arith             ; 89                          ;
;         2 data inputs ; 57                          ;
;         3 data inputs ; 32                          ;
;     normal            ; 864                         ;
;         0 data inputs ; 1                           ;
;         1 data inputs ; 3                           ;
;         2 data inputs ; 8                           ;
;         3 data inputs ; 154                         ;
;         4 data inputs ; 698                         ;
;                       ;                             ;
; Max LUT depth         ; 18.80                       ;
; Average LUT depth     ; 14.65                       ;
+-----------------------+-----------------------------+


+-------------------------------+
; Elapsed Time Per Partition    ;
+----------------+--------------+
; Partition Name ; Elapsed Time ;
+----------------+--------------+
; Top            ; 00:00:02     ;
+----------------+--------------+


+-------------------------------+
; Analysis & Synthesis Messages ;
+-------------------------------+
Info: *******************************************************************
Info: Running Quartus Prime Analysis & Synthesis
    Info: Version 22.1std.2 Build 922 07/20/2023 SC Lite Edition
    Info: Processing started: Tue Oct 31 03:17:29 2023
Info: Command: quartus_map --read_settings_files=on --write_settings_files=off top -c top
Warning (18236): Number of processors has not been specified which may cause overloading on shared machines.  Set the global assignment NUM_PARALLEL_PROCESSORS in your QSF to an appropriate value for best performance.
Info (20030): Parallel compilation is enabled and will use 4 of the 4 processors detected
Info (12021): Found 1 design units, including 1 entities, in source file top.sv
    Info (12023): Found entity 1: top File: D:/Escritorio/Universidad/Electronica Digital/26-10-23/ARM-SingleCycle/top.sv Line: 4
Info (12021): Found 1 design units, including 1 entities, in source file imem.sv
    Info (12023): Found entity 1: imem File: D:/Escritorio/Universidad/Electronica Digital/26-10-23/ARM-SingleCycle/imem.sv Line: 4
Info (12021): Found 1 design units, including 1 entities, in source file dmem.sv
    Info (12023): Found entity 1: dmem File: D:/Escritorio/Universidad/Electronica Digital/26-10-23/ARM-SingleCycle/dmem.sv Line: 5
Info (12021): Found 1 design units, including 1 entities, in source file arm.sv
    Info (12023): Found entity 1: arm File: D:/Escritorio/Universidad/Electronica Digital/26-10-23/ARM-SingleCycle/arm.sv Line: 5
Info (12021): Found 1 design units, including 1 entities, in source file controller.sv
    Info (12023): Found entity 1: controller File: D:/Escritorio/Universidad/Electronica Digital/26-10-23/ARM-SingleCycle/controller.sv Line: 4
Info (12021): Found 1 design units, including 1 entities, in source file decoder.sv
    Info (12023): Found entity 1: decoder File: D:/Escritorio/Universidad/Electronica Digital/26-10-23/ARM-SingleCycle/decoder.sv Line: 4
Info (12021): Found 2 design units, including 2 entities, in source file condlogic.sv
    Info (12023): Found entity 1: condlogic File: D:/Escritorio/Universidad/Electronica Digital/26-10-23/ARM-SingleCycle/condlogic.sv Line: 4
    Info (12023): Found entity 2: condcheck File: D:/Escritorio/Universidad/Electronica Digital/26-10-23/ARM-SingleCycle/condlogic.sv Line: 30
Info (12021): Found 1 design units, including 1 entities, in source file datapath.sv
    Info (12023): Found entity 1: datapath File: D:/Escritorio/Universidad/Electronica Digital/26-10-23/ARM-SingleCycle/datapath.sv Line: 4
Info (12021): Found 1 design units, including 1 entities, in source file regfile.sv
    Info (12023): Found entity 1: regfile File: D:/Escritorio/Universidad/Electronica Digital/26-10-23/ARM-SingleCycle/regfile.sv Line: 4
Info (12021): Found 1 design units, including 1 entities, in source file alu.sv
    Info (12023): Found entity 1: alu File: D:/Escritorio/Universidad/Electronica Digital/26-10-23/ARM-SingleCycle/alu.sv Line: 4
Info (12021): Found 1 design units, including 1 entities, in source file extend.sv
    Info (12023): Found entity 1: extend File: D:/Escritorio/Universidad/Electronica Digital/26-10-23/ARM-SingleCycle/extend.sv Line: 4
Info (12021): Found 1 design units, including 1 entities, in source file adder.sv
    Info (12023): Found entity 1: adder File: D:/Escritorio/Universidad/Electronica Digital/26-10-23/ARM-SingleCycle/adder.sv Line: 4
Info (12021): Found 1 design units, including 1 entities, in source file mux2.sv
    Info (12023): Found entity 1: mux2 File: D:/Escritorio/Universidad/Electronica Digital/26-10-23/ARM-SingleCycle/mux2.sv Line: 4
Info (12021): Found 1 design units, including 1 entities, in source file flopr.sv
    Info (12023): Found entity 1: flopr File: D:/Escritorio/Universidad/Electronica Digital/26-10-23/ARM-SingleCycle/flopr.sv Line: 4
Info (12021): Found 1 design units, including 1 entities, in source file flopenr.sv
    Info (12023): Found entity 1: flopenr File: D:/Escritorio/Universidad/Electronica Digital/26-10-23/ARM-SingleCycle/flopenr.sv Line: 4
Info (12021): Found 2 design units, including 2 entities, in source file testbench_book.sv
    Info (12023): Found entity 1: testbench_book File: D:/Escritorio/Universidad/Electronica Digital/26-10-23/ARM-SingleCycle/testbench_book.sv Line: 4
    Info (12023): Found entity 2: Testbench_propio File: D:/Escritorio/Universidad/Electronica Digital/26-10-23/ARM-SingleCycle/testbench_book.sv Line: 40
Info (12021): Found 1 design units, including 1 entities, in source file testbench_peripherals.sv
    Info (12023): Found entity 1: testbench_peripherals File: D:/Escritorio/Universidad/Electronica Digital/26-10-23/ARM-SingleCycle/testbench_peripherals.sv Line: 4
Info (12021): Found 1 design units, including 1 entities, in source file testbenchs.sv
    Info (12023): Found entity 1: imem_tb File: D:/Escritorio/Universidad/Electronica Digital/26-10-23/ARM-SingleCycle/Testbenchs.sv Line: 1
Info (12021): Found 1 design units, including 1 entities, in source file pre_alu.sv
    Info (12023): Found entity 1: pre_alu File: D:/Escritorio/Universidad/Electronica Digital/26-10-23/ARM-SingleCycle/pre_alu.sv Line: 1
Info (12127): Elaborating entity "top" for the top level hierarchy
Info (12128): Elaborating entity "imem" for hierarchy "imem:imem" File: D:/Escritorio/Universidad/Electronica Digital/26-10-23/ARM-SingleCycle/top.sv Line: 16
Warning (10850): Verilog HDL warning at imem.sv(18): number of words (9) in memory file does not match the number of elements in the address range [0:63] File: D:/Escritorio/Universidad/Electronica Digital/26-10-23/ARM-SingleCycle/imem.sv Line: 18
Warning (10030): Net "RAM.data_a" at imem.sv(6) has no driver or initial value, using a default initial value '0' File: D:/Escritorio/Universidad/Electronica Digital/26-10-23/ARM-SingleCycle/imem.sv Line: 6
Warning (10030): Net "RAM.waddr_a" at imem.sv(6) has no driver or initial value, using a default initial value '0' File: D:/Escritorio/Universidad/Electronica Digital/26-10-23/ARM-SingleCycle/imem.sv Line: 6
Warning (10030): Net "RAM.we_a" at imem.sv(6) has no driver or initial value, using a default initial value '0' File: D:/Escritorio/Universidad/Electronica Digital/26-10-23/ARM-SingleCycle/imem.sv Line: 6
Info (12128): Elaborating entity "dmem" for hierarchy "dmem:dmem" File: D:/Escritorio/Universidad/Electronica Digital/26-10-23/ARM-SingleCycle/top.sv Line: 19
Warning (10850): Verilog HDL warning at dmem.sv(18): number of words (0) in memory file does not match the number of elements in the address range [0:63] File: D:/Escritorio/Universidad/Electronica Digital/26-10-23/ARM-SingleCycle/dmem.sv Line: 18
Info (12128): Elaborating entity "arm" for hierarchy "arm:arm" File: D:/Escritorio/Universidad/Electronica Digital/26-10-23/ARM-SingleCycle/top.sv Line: 22
Info (12128): Elaborating entity "controller" for hierarchy "arm:arm|controller:c" File: D:/Escritorio/Universidad/Electronica Digital/26-10-23/ARM-SingleCycle/arm.sv Line: 22
Info (12128): Elaborating entity "decoder" for hierarchy "arm:arm|controller:c|decoder:dec" File: D:/Escritorio/Universidad/Electronica Digital/26-10-23/ARM-SingleCycle/controller.sv Line: 19
Info (12128): Elaborating entity "condlogic" for hierarchy "arm:arm|controller:c|condlogic:cl" File: D:/Escritorio/Universidad/Electronica Digital/26-10-23/ARM-SingleCycle/controller.sv Line: 23
Info (12128): Elaborating entity "flopenr" for hierarchy "arm:arm|controller:c|condlogic:cl|flopenr:flagreg1" File: D:/Escritorio/Universidad/Electronica Digital/26-10-23/ARM-SingleCycle/condlogic.sv Line: 17
Info (12128): Elaborating entity "condcheck" for hierarchy "arm:arm|controller:c|condlogic:cl|condcheck:cc" File: D:/Escritorio/Universidad/Electronica Digital/26-10-23/ARM-SingleCycle/condlogic.sv Line: 20
Info (12128): Elaborating entity "datapath" for hierarchy "arm:arm|datapath:dp" File: D:/Escritorio/Universidad/Electronica Digital/26-10-23/ARM-SingleCycle/arm.sv Line: 30
Info (12128): Elaborating entity "mux2" for hierarchy "arm:arm|datapath:dp|mux2:pcmux" File: D:/Escritorio/Universidad/Electronica Digital/26-10-23/ARM-SingleCycle/datapath.sv Line: 23
Info (12128): Elaborating entity "flopr" for hierarchy "arm:arm|datapath:dp|flopr:pcreg" File: D:/Escritorio/Universidad/Electronica Digital/26-10-23/ARM-SingleCycle/datapath.sv Line: 24
Info (12128): Elaborating entity "adder" for hierarchy "arm:arm|datapath:dp|adder:pcadd1" File: D:/Escritorio/Universidad/Electronica Digital/26-10-23/ARM-SingleCycle/datapath.sv Line: 25
Info (12128): Elaborating entity "mux2" for hierarchy "arm:arm|datapath:dp|mux2:ra1mux" File: D:/Escritorio/Universidad/Electronica Digital/26-10-23/ARM-SingleCycle/datapath.sv Line: 29
Info (12128): Elaborating entity "regfile" for hierarchy "arm:arm|datapath:dp|regfile:rf" File: D:/Escritorio/Universidad/Electronica Digital/26-10-23/ARM-SingleCycle/datapath.sv Line: 31
Info (12128): Elaborating entity "extend" for hierarchy "arm:arm|datapath:dp|extend:ext" File: D:/Escritorio/Universidad/Electronica Digital/26-10-23/ARM-SingleCycle/datapath.sv Line: 33
Info (12128): Elaborating entity "pre_alu" for hierarchy "arm:arm|datapath:dp|pre_alu:pre" File: D:/Escritorio/Universidad/Electronica Digital/26-10-23/ARM-SingleCycle/datapath.sv Line: 37
Info (12128): Elaborating entity "alu" for hierarchy "arm:arm|datapath:dp|alu:alu" File: D:/Escritorio/Universidad/Electronica Digital/26-10-23/ARM-SingleCycle/datapath.sv Line: 38
Warning (127007): Memory Initialization File or Hexadecimal (Intel-Format) File "D:/Escritorio/Universidad/Electronica Digital/26-10-23/ARM-SingleCycle/db/top.ram0_imem_37c714.hdl.mif" contains "don't care" values -- overwriting them with 0s
Warning (127007): Memory Initialization File or Hexadecimal (Intel-Format) File "D:/Escritorio/Universidad/Electronica Digital/26-10-23/ARM-SingleCycle/db/top.ram0_dmem_351e6b.hdl.mif" contains "don't care" values -- overwriting them with 0s
Info (276014): Found 3 instances of uninferred RAM logic
    Info (276007): RAM logic "arm:arm|datapath:dp|regfile:rf|rf" is uninferred due to asynchronous read logic File: D:/Escritorio/Universidad/Electronica Digital/26-10-23/ARM-SingleCycle/regfile.sv Line: 11
    Info (276013): RAM logic "imem:imem|RAM" is uninferred because MIF is not supported for the selected family File: D:/Escritorio/Universidad/Electronica Digital/26-10-23/ARM-SingleCycle/imem.sv Line: 6
    Info (276007): RAM logic "dmem:dmem|RAM" is uninferred due to asynchronous read logic File: D:/Escritorio/Universidad/Electronica Digital/26-10-23/ARM-SingleCycle/dmem.sv Line: 8
Warning (127007): Memory Initialization File or Hexadecimal (Intel-Format) File "D:/Escritorio/Universidad/Electronica Digital/26-10-23/ARM-SingleCycle/db/top.ram0_imem_37c714.hdl.mif" contains "don't care" values -- overwriting them with 0s
Warning (13024): Output pins are stuck at VCC or GND
    Warning (13410): Pin "MemWrite" is stuck at GND File: D:/Escritorio/Universidad/Electronica Digital/26-10-23/ARM-SingleCycle/top.sv Line: 6
    Warning (13410): Pin "leds[0]" is stuck at GND File: D:/Escritorio/Universidad/Electronica Digital/26-10-23/ARM-SingleCycle/top.sv Line: 8
    Warning (13410): Pin "leds[1]" is stuck at GND File: D:/Escritorio/Universidad/Electronica Digital/26-10-23/ARM-SingleCycle/top.sv Line: 8
    Warning (13410): Pin "leds[2]" is stuck at GND File: D:/Escritorio/Universidad/Electronica Digital/26-10-23/ARM-SingleCycle/top.sv Line: 8
    Warning (13410): Pin "leds[3]" is stuck at GND File: D:/Escritorio/Universidad/Electronica Digital/26-10-23/ARM-SingleCycle/top.sv Line: 8
    Warning (13410): Pin "leds[4]" is stuck at GND File: D:/Escritorio/Universidad/Electronica Digital/26-10-23/ARM-SingleCycle/top.sv Line: 8
    Warning (13410): Pin "leds[5]" is stuck at GND File: D:/Escritorio/Universidad/Electronica Digital/26-10-23/ARM-SingleCycle/top.sv Line: 8
    Warning (13410): Pin "leds[6]" is stuck at GND File: D:/Escritorio/Universidad/Electronica Digital/26-10-23/ARM-SingleCycle/top.sv Line: 8
    Warning (13410): Pin "leds[7]" is stuck at GND File: D:/Escritorio/Universidad/Electronica Digital/26-10-23/ARM-SingleCycle/top.sv Line: 8
    Warning (13410): Pin "leds[8]" is stuck at GND File: D:/Escritorio/Universidad/Electronica Digital/26-10-23/ARM-SingleCycle/top.sv Line: 8
    Warning (13410): Pin "leds[9]" is stuck at GND File: D:/Escritorio/Universidad/Electronica Digital/26-10-23/ARM-SingleCycle/top.sv Line: 8
Info (286030): Timing-Driven Synthesis is running
Info (144001): Generated suppressed messages file D:/Escritorio/Universidad/Electronica Digital/26-10-23/ARM-SingleCycle/output_files/top.map.smsg
Info (16010): Generating hard_block partition "hard_block:auto_generated_inst"
    Info (16011): Adding 0 node(s), including 0 DDIO, 0 PLL, 0 transceiver and 0 LCELL
Warning (21074): Design contains 10 input pin(s) that do not drive logic
    Warning (15610): No output dependent on input pin "switches[0]" File: D:/Escritorio/Universidad/Electronica Digital/26-10-23/ARM-SingleCycle/top.sv Line: 7
    Warning (15610): No output dependent on input pin "switches[1]" File: D:/Escritorio/Universidad/Electronica Digital/26-10-23/ARM-SingleCycle/top.sv Line: 7
    Warning (15610): No output dependent on input pin "switches[2]" File: D:/Escritorio/Universidad/Electronica Digital/26-10-23/ARM-SingleCycle/top.sv Line: 7
    Warning (15610): No output dependent on input pin "switches[3]" File: D:/Escritorio/Universidad/Electronica Digital/26-10-23/ARM-SingleCycle/top.sv Line: 7
    Warning (15610): No output dependent on input pin "switches[4]" File: D:/Escritorio/Universidad/Electronica Digital/26-10-23/ARM-SingleCycle/top.sv Line: 7
    Warning (15610): No output dependent on input pin "switches[5]" File: D:/Escritorio/Universidad/Electronica Digital/26-10-23/ARM-SingleCycle/top.sv Line: 7
    Warning (15610): No output dependent on input pin "switches[6]" File: D:/Escritorio/Universidad/Electronica Digital/26-10-23/ARM-SingleCycle/top.sv Line: 7
    Warning (15610): No output dependent on input pin "switches[7]" File: D:/Escritorio/Universidad/Electronica Digital/26-10-23/ARM-SingleCycle/top.sv Line: 7
    Warning (15610): No output dependent on input pin "switches[8]" File: D:/Escritorio/Universidad/Electronica Digital/26-10-23/ARM-SingleCycle/top.sv Line: 7
    Warning (15610): No output dependent on input pin "switches[9]" File: D:/Escritorio/Universidad/Electronica Digital/26-10-23/ARM-SingleCycle/top.sv Line: 7
Info (21057): Implemented 1548 device resources after synthesis - the final resource count might be different
    Info (21058): Implemented 12 input pins
    Info (21059): Implemented 75 output pins
    Info (21061): Implemented 1461 logic cells
Info: Quartus Prime Analysis & Synthesis was successful. 0 errors, 32 warnings
    Info: Peak virtual memory: 4792 megabytes
    Info: Processing ended: Tue Oct 31 03:17:40 2023
    Info: Elapsed time: 00:00:11
    Info: Total CPU time (on all processors): 00:00:14


+------------------------------------------+
; Analysis & Synthesis Suppressed Messages ;
+------------------------------------------+
The suppressed messages can be found in D:/Escritorio/Universidad/Electronica Digital/26-10-23/ARM-SingleCycle/output_files/top.map.smsg.


